node.exe : [baseline-browser-mapping] The data in this module is over two months old.  To ensure accurate Baseline data, please update: `npm i baseline-browser-mapping@latest -D`
위치 줄:1 문자:1
+ & "C:\Program Files\nodejs/node.exe" "C:\Users\user\AppData\Roaming\n ...
+ ~~~~~~~~~~~~~~~~~~~~~~~~~~~~~~~~~~~~~~~~~~~~~~~~~~~~~~~~~~~~~~~~~~~~~
    + CategoryInfo          : NotSpecified: ([baseline-brows...ping@latest -D`:String) [], RemoteException
    + FullyQualifiedErrorId : NativeCommandError
 
  console.error
    [2025-12-03T13:42:43.265Z] [ERROR] [GROUP] Failed to create invite {
      domain: 'group',
      environment: 'test',
      error: '(0 , _groupvalidators.validateEmail) is not a function',
      stack: 'TypeError: (0 , _groupvalidators.validateEmail) is not a function\n' +
        '    at POST (C:\\Project\\CoUp\\coup\\src\\app\\api\\groups\\[id]\\invites\\route.js:165:32)\n' +
        '    at Object.<anonymous> (C:\\Project\\CoUp\\coup\\src\\__tests__\\api\\groups\\group-invites.test.js:179:22)'
    }

    [0m [90m  95 |[39m   } [36melse[39m {
     [90m  96 |[39m     [90m// 媛쒕컻: 媛?낆꽦 ?덈뒗 ?뺤떇[39m
    [31m[1m>[22m[39m[90m  97 |[39m     console[consoleMethod](
     [90m     |[39m                           [31m[1m^[22m[39m
     [90m  98 |[39m       [32m`[${timestamp}] [${level}] [GROUP] ${message}`[39m[33m,[39m
     [90m  99 |[39m       [33mObject[39m[33m.[39mkeys(rest)[33m.[39mlength [33m>[39m [35m0[39m [33m?[39m rest [33m:[39m [32m''[39m
     [90m 100 |[39m     )[33m;[39m[0m

      at outputLog (src/lib/logging/groupLogger.js:97:27)
      at GroupLogger.outputLog [as log] (src/lib/logging/groupLogger.js:123:5)
      at GroupLogger.log [as error] (src/lib/logging/groupLogger.js:153:10)
      at error (src/app/api/groups/[id]/invites/route.js:249:17)
      at Object.<anonymous> (src/__tests__/api/groups/group-invites.test.js:179:22)

  console.error
    [2025-12-03T13:42:43.286Z] [ERROR] [GROUP] Failed to create invite {
      domain: 'group',
      environment: 'test',
      error: '(0 , _groupvalidators.validateEmail) is not a function',
      stack: 'TypeError: (0 , _groupvalidators.validateEmail) is not a function\n' +
        '    at POST (C:\\Project\\CoUp\\coup\\src\\app\\api\\groups\\[id]\\invites\\route.js:165:32)\n' +
        '    at Object.<anonymous> (C:\\Project\\CoUp\\coup\\src\\__tests__\\api\\groups\\group-invites.test.js:220:22)'
    }

    [0m [90m  95 |[39m   } [36melse[39m {
     [90m  96 |[39m     [90m// 媛쒕컻: 媛?낆꽦 ?덈뒗 ?뺤떇[39m
    [31m[1m>[22m[39m[90m  97 |[39m     console[consoleMethod](
     [90m     |[39m                           [31m[1m^[22m[39m
     [90m  98 |[39m       [32m`[${timestamp}] [${level}] [GROUP] ${message}`[39m[33m,[39m
     [90m  99 |[39m       [33mObject[39m[33m.[39mkeys(rest)[33m.[39mlength [33m>[39m [35m0[39m [33m?[39m rest [33m:[39m [32m''[39m
     [90m 100 |[39m     )[33m;[39m[0m

      at outputLog (src/lib/logging/groupLogger.js:97:27)
      at GroupLogger.outputLog [as log] (src/lib/logging/groupLogger.js:123:5)
      at GroupLogger.log [as error] (src/lib/logging/groupLogger.js:153:10)
      at error (src/app/api/groups/[id]/invites/route.js:249:17)
      at Object.<anonymous> (src/__tests__/api/groups/group-invites.test.js:220:22)

  console.error
    [2025-12-03T13:42:43.289Z] [ERROR] [GROUP] Failed to create invite {
      domain: 'group',
      environment: 'test',
      error: '(0 , _groupvalidators.validateEmail) is not a function',
      stack: 'TypeError: (0 , _groupvalidators.validateEmail) is not a function\n' +
        '    at POST (C:\\Project\\CoUp\\coup\\src\\app\\api\\groups\\[id]\\invites\\route.js:165:32)\n' +
        '    at Object.<anonymous> (C:\\Project\\CoUp\\coup\\src\\__tests__\\api\\groups\\group-invites.test.js:260:22)'
    }

    [0m [90m  95 |[39m   } [36melse[39m {
     [90m  96 |[39m     [90m// 媛쒕컻: 媛?낆꽦 ?덈뒗 ?뺤떇[39m
    [31m[1m>[22m[39m[90m  97 |[39m     console[consoleMethod](
     [90m     |[39m                           [31m[1m^[22m[39m
     [90m  98 |[39m       [32m`[${timestamp}] [${level}] [GROUP] ${message}`[39m[33m,[39m
     [90m  99 |[39m       [33mObject[39m[33m.[39mkeys(rest)[33m.[39mlength [33m>[39m [35m0[39m [33m?[39m rest [33m:[39m [32m''[39m
     [90m 100 |[39m     )[33m;[39m[0m

      at outputLog (src/lib/logging/groupLogger.js:97:27)
      at GroupLogger.outputLog [as log] (src/lib/logging/groupLogger.js:123:5)
      at GroupLogger.log [as error] (src/lib/logging/groupLogger.js:153:10)
      at error (src/app/api/groups/[id]/invites/route.js:249:17)
      at Object.<anonymous> (src/__tests__/api/groups/group-invites.test.js:260:22)

  console.error
    [2025-12-03T13:42:43.292Z] [ERROR] [GROUP] Failed to create invite {
      domain: 'group',
      environment: 'test',
      error: '(0 , _groupvalidators.validateEmail) is not a function',
      stack: 'TypeError: (0 , _groupvalidators.validateEmail) is not a function\n' +
        '    at POST (C:\\Project\\CoUp\\coup\\src\\app\\api\\groups\\[id]\\invites\\route.js:165:32)\n' +
        '    at Object.<anonymous> (C:\\Project\\CoUp\\coup\\src\\__tests__\\api\\groups\\group-invites.test.js:300:22)'
    }

    [0m [90m  95 |[39m   } [36melse[39m {
     [90m  96 |[39m     [90m// 媛쒕컻: 媛?낆꽦 ?덈뒗 ?뺤떇[39m
    [31m[1m>[22m[39m[90m  97 |[39m     console[consoleMethod](
     [90m     |[39m                           [31m[1m^[22m[39m
     [90m  98 |[39m       [32m`[${timestamp}] [${level}] [GROUP] ${message}`[39m[33m,[39m
     [90m  99 |[39m       [33mObject[39m[33m.[39mkeys(rest)[33m.[39mlength [33m>[39m [35m0[39m [33m?[39m rest [33m:[39m [32m''[39m
     [90m 100 |[39m     )[33m;[39m[0m

      at outputLog (src/lib/logging/groupLogger.js:97:27)
      at GroupLogger.outputLog [as log] (src/lib/logging/groupLogger.js:123:5)
      at GroupLogger.log [as error] (src/lib/logging/groupLogger.js:153:10)
      at error (src/app/api/groups/[id]/invites/route.js:249:17)
      at Object.<anonymous> (src/__tests__/api/groups/group-invites.test.js:300:22)

FAIL src/__tests__/api/groups/group-invites.test.js
  GET /api/groups/[id]/invites - 珥덈? 紐⑸줉 議고쉶
    ??should return invites list successfully (2 ms)
    ??should filter by status (1 ms)
  POST /api/groups/[id]/invites - 珥덈? ?앹꽦
    횞 should create invite with ADMIN permission (26 ms)
    횞 should generate unique invite code (3 ms)
    ??should prevent inviting existing members (2 ms)
    ??should prevent inviting kicked users (2 ms)
  DELETE /api/groups/[id]/invites - 珥덈? 痍⑥냼
    ??should cancel invite by creator
    횞 should require creator or ADMIN permission (1 ms)

  ??POST /api/groups/[id]/invites - 珥덈? ?앹꽦 ??should create invite with ADMIN permission

    expect(received).toBe(expected) // Object.is equality

    Expected: 201
    Received: 500

    [0m [90m 180 |[39m     [36mconst[39m data [33m=[39m [36mawait[39m response[33m.[39mjson()[33m;[39m
     [90m 181 |[39m
    [31m[1m>[22m[39m[90m 182 |[39m     expect(response[33m.[39mstatus)[33m.[39mtoBe([35m201[39m)[33m;[39m
     [90m     |[39m                             [31m[1m^[22m[39m
     [90m 183 |[39m     expect(data[33m.[39msuccess)[33m.[39mtoBe([36mtrue[39m)[33m;[39m
     [90m 184 |[39m     expect(data[33m.[39mdata[33m.[39mcode)[33m.[39mtoBeTruthy()[33m;[39m
     [90m 185 |[39m   })[33m;[39m[0m

      at Object.toBe (src/__tests__/api/groups/group-invites.test.js:182:29)

  ??POST /api/groups/[id]/invites - 珥덈? ?앹꽦 ??should generate unique invite code

    expect(received).toBe(expected) // Object.is equality

    Expected: 201
    Received: 500

    [0m [90m 221 |[39m     [36mconst[39m data [33m=[39m [36mawait[39m response[33m.[39mjson()[33m;[39m
     [90m 222 |[39m
    [31m[1m>[22m[39m[90m 223 |[39m     expect(response[33m.[39mstatus)[33m.[39mtoBe([35m201[39m)[33m;[39m
     [90m     |[39m                             [31m[1m^[22m[39m
     [90m 224 |[39m     expect(data[33m.[39mdata[33m.[39mcode)[33m.[39mtoHaveLength([35m12[39m)[33m;[39m [90m// 珥덈? 肄붾뱶 湲몄씠 ?뺤씤[39m
     [90m 225 |[39m   })[33m;[39m
     [90m 226 |[39m[0m

      at Object.toBe (src/__tests__/api/groups/group-invites.test.js:223:29)

  ??DELETE /api/groups/[id]/invites - 珥덈? 痍⑥냼 ??should require creator or ADMIN permission

    expect(received).toBe(expected) // Object.is equality

    Expected: 403
    Received: 200

    [0m [90m 385 |[39m     [36mconst[39m data [33m=[39m [36mawait[39m response[33m.[39mjson()[33m;[39m
     [90m 386 |[39m
    [31m[1m>[22m[39m[90m 387 |[39m     expect(response[33m.[39mstatus)[33m.[39mtoBe([35m403[39m)[33m;[39m
     [90m     |[39m                             [31m[1m^[22m[39m
     [90m 388 |[39m     expect(data[33m.[39msuccess)[33m.[39mtoBe([36mfalse[39m)[33m;[39m
     [90m 389 |[39m   })[33m;[39m
     [90m 390 |[39m })[33m;[39m[0m

      at Object.toBe (src/__tests__/api/groups/group-invites.test.js:387:29)

Test Suites: 1 failed, 1 total
Tests:       3 failed, 5 passed, 8 total
Snapshots:   0 total
Time:        0.398 s, estimated 1 s
Ran all test suites matching src/__tests__/api/groups/group-invites.test.js.
