{"numFailedTestSuites":1,"numFailedTests":1,"numPassedTestSuites":2,"numPassedTests":51,"numPendingTestSuites":0,"numPendingTests":0,"numRuntimeErrorTestSuites":0,"numTodoTests":0,"numTotalTestSuites":3,"numTotalTests":52,"openHandles":[],"snapshot":{"added":0,"didUpdate":false,"failure":false,"filesAdded":0,"filesRemoved":0,"filesRemovedList":[],"filesUnmatched":0,"filesUpdated":0,"matched":0,"total":0,"unchecked":0,"uncheckedKeysByFile":[],"unmatched":0,"updated":0},"startTime":1764590747173,"success":false,"testResults":[{"assertionResults":[{"ancestorTitles":["ProfileEdit Component","렌더링 테스트"],"duration":26,"failing":false,"failureDetails":[],"failureMessages":[],"fullName":"ProfileEdit Component 렌더링 테스트 컴포넌트가 올바르게 렌더링됨","invocations":1,"location":null,"numPassingAsserts":3,"retryReasons":[],"startAt":1764590748352,"status":"passed","title":"컴포넌트가 올바르게 렌더링됨"},{"ancestorTitles":["ProfileEdit Component","렌더링 테스트"],"duration":5,"failing":false,"failureDetails":[],"failureMessages":[],"fullName":"ProfileEdit Component 렌더링 테스트 사용자 정보가 폼에 표시됨","invocations":1,"location":null,"numPassingAsserts":3,"retryReasons":[],"startAt":1764590748378,"status":"passed","title":"사용자 정보가 폼에 표시됨"},{"ancestorTitles":["ProfileEdit Component","렌더링 테스트"],"duration":7,"failing":false,"failureDetails":[],"failureMessages":[],"fullName":"ProfileEdit Component 렌더링 테스트 아바타가 없을 때 플레이스홀더 표시","invocations":1,"location":null,"numPassingAsserts":1,"retryReasons":[],"startAt":1764590748384,"status":"passed","title":"아바타가 없을 때 플레이스홀더 표시"},{"ancestorTitles":["ProfileEdit Component","렌더링 테스트"],"duration":29,"failing":false,"failureDetails":[],"failureMessages":[],"fullName":"ProfileEdit Component 렌더링 테스트 아바타가 있을 때 이미지 표시","invocations":1,"location":null,"numPassingAsserts":2,"retryReasons":[],"startAt":1764590748391,"status":"passed","title":"아바타가 있을 때 이미지 표시"},{"ancestorTitles":["ProfileEdit Component","렌더링 테스트"],"duration":1013,"failing":false,"failureDetails":[{"matcherResult":{"actual":false,"expected":true,"message":"\u001b[2mexpect(\u001b[22m\u001b[31mreceived\u001b[39m\u001b[2m).\u001b[22mtoBe\u001b[2m(\u001b[22m\u001b[32mexpected\u001b[39m\u001b[2m) // Object.is equality\u001b[22m\n\nExpected: \u001b[32mtrue\u001b[39m\nReceived: \u001b[31mfalse\u001b[39m","name":"toBe","pass":false}}],"failureMessages":["Error: \u001b[2mexpect(\u001b[22m\u001b[31mreceived\u001b[39m\u001b[2m).\u001b[22mtoBe\u001b[2m(\u001b[22m\u001b[32mexpected\u001b[39m\u001b[2m) // Object.is equality\u001b[22m\n\nExpected: \u001b[32mtrue\u001b[39m\nReceived: \u001b[31mfalse\u001b[39m\n\nIgnored nodes: comments, script, style\n\u001b[36m<html>\u001b[39m\n  \u001b[36m<head />\u001b[39m\n  \u001b[36m<body>\u001b[39m\n    \u001b[36m<div>\u001b[39m\n      \u001b[36m<div\u001b[39m\n        \u001b[33mclass\u001b[39m=\u001b[32m\"container\"\u001b[39m\n      \u001b[36m>\u001b[39m\n        \u001b[36m<h2\u001b[39m\n          \u001b[33mclass\u001b[39m=\u001b[32m\"title\"\u001b[39m\n        \u001b[36m>\u001b[39m\n          \u001b[0m👤 프로필 편집\u001b[0m\n        \u001b[36m</h2>\u001b[39m\n        \u001b[36m<form\u001b[39m\n          \u001b[33mclass\u001b[39m=\u001b[32m\"form\"\u001b[39m\n        \u001b[36m>\u001b[39m\n          \u001b[36m<div\u001b[39m\n            \u001b[33mclass\u001b[39m=\u001b[32m\"avatarSection\"\u001b[39m\n          \u001b[36m>\u001b[39m\n            \u001b[36m<div\u001b[39m\n              \u001b[33mclass\u001b[39m=\u001b[32m\"avatarWrapper\"\u001b[39m\n            \u001b[36m>\u001b[39m\n              \u001b[36m<div\u001b[39m\n                \u001b[33mclass\u001b[39m=\u001b[32m\"avatarPlaceholder\"\u001b[39m\n              \u001b[36m>\u001b[39m\n                \u001b[0mT\u001b[0m\n              \u001b[36m</div>\u001b[39m\n            \u001b[36m</div>\u001b[39m\n            \u001b[36m<input\u001b[39m\n              \u001b[33maccept\u001b[39m=\u001b[32m\"image/jpeg,image/png,image/gif,image/webp\"\u001b[39m\n              \u001b[33mstyle\u001b[39m=\u001b[32m\"display: none;\"\u001b[39m\n              \u001b[33mtype\u001b[39m=\u001b[32m\"file\"\u001b[39m\n            \u001b[36m/>\u001b[39m\n            \u001b[36m<div\u001b[39m\n              \u001b[33mclass\u001b[39m=\u001b[32m\"avatarButtons\"\u001b[39m\n            \u001b[36m>\u001b[39m\n              \u001b[36m<button\u001b[39m\n                \u001b[33mclass\u001b[39m=\u001b[32m\"avatarButton\"\u001b[39m\n                \u001b[33mtype\u001b[39m=\u001b[32m\"button\"\u001b[39m\n              \u001b[36m>\u001b[39m\n                \u001b[0m📷 사진 변경\u001b[0m\n              \u001b[36m</button>\u001b[39m\n            \u001b[36m</div>\u001b[39m\n          \u001b[36m</div>\u001b[39m\n          \u001b[36m<div\u001b[39m\n            \u001b[33mclass\u001b[39m=\u001b[32m\"field\"\u001b[39m\n          \u001b[36m>\u001b[39m\n            \u001b[36m<label\u001b[39m\n              \u001b[33mclass\u001b[39m=\u001b[32m\"label\"\u001b[39m\n            \u001b[36m>\u001b[39m\n              \u001b[0m이름 \u001b[0m\n              \u001b[36m<span\u001b[39m\n                \u001b[33mclass\u001b[39m=\u001b[32m\"required\"\u001b[39m\n              \u001b[36m>\u001b[39m\n                \u001b[0m*\u001b[0m\n              \u001b[36m</span>\u001b[39m\n            \u001b[36m</label>\u001b[39m\n            \u001b[36m<input\u001b[39m\n              \u001b[33mclass\u001b[39m=\u001b[32m\"input \"\u001b[39m\n              \u001b[33mmaxlength\u001b[39m=\u001b[32m\"50\"\u001b[39m\n              \u001b[33mminlength\u001b[39m=\u001b[32m\"2\"\u001b[39m\n              \u001b[33mrequired\u001b[39m=\u001b[32m\"\"\u001b[39m\n              \u001b[33mtype\u001b[39m=\u001b[32m\"text\"\u001b[39m\n              \u001b[33mvalue\u001b[39m=\u001b[32m\"Test User\"\u001b[39m\n            \u001b[36m/>\u001b[39m\n            \u001b[36m<p\u001b[39m\n              \u001b[33mclass\u001b[39m=\u001b[32m\"hint\"\u001b[39m\n            \u001b[36m>\u001b[39m\n              \u001b[0m2-50자, 한글/영문/숫자 사용 가능 (\u001b[0m\n              \u001b[0m9\u001b[0m\n              \u001b[0m/50)\u001b[0m\n            \u001b[36m</p>\u001b[39m\n          \u001b[36m</div>\u001b[39m\n          \u001b[36m<div\u001b[39m\n            \u001b[33mclass\u001b[39m=\u001b[32m\"field\"\u001b[39m\n          \u001b[36m>\u001b[39m\n            \u001b[36m<label\u001b[39m\n              \u001b[33mclass\u001b[39m=\u001b[32m\"label\"\u001b[39m\n            \u001b[36m>\u001b[39m\n              \u001b[0m이메일 (변경 불가)\u001b[0m\n            \u001b[36m</label>\u001b[39m\n            \u001b[36m<input\u001b[39m\n              \u001b[33mclass\u001b[39m=\u001b[32m\"input inputReadonly\"\u001b[39m\n              \u001b[33mdisabled\u001b[39m=\u001b[32m\"\"\u001b[39m\n              \u001b[33mreadonly\u001b[39m=\u001b[32m\"\"\u001b[39m\n              \u001b[33mtype\u001b[39m=\u001b[32m\"email\"\u001b[39m\n              \u001b[33mvalue\u001b[39m=\u001b[32m\"test@test.com\"\u001b[39m\n            \u001b[36m/>\u001b[39m\n          \u001b[36m</div>\u001b[39m\n          \u001b[36m<div\u001b[39m\n            \u001b[33mclass\u001b[39m=\u001b[32m\"field\"\u001b[39m\n          \u001b[36m>\u001b[39m\n            \u001b[36m<label\u001b[39m\n              \u001b[33mclass\u001b[39m=\u001b[32m\"label\"\u001b[39m\n            \u001b[36m>\u001b[39m\n              \u001b[0m소개\u001b[0m\n            \u001b[36m</label>\u001b[39m\n            \u001b[36m<textarea\u001b[39m\n              \u001b[33mclass\u001b[39m=\u001b[32m\"textarea \"\u001b[39m\n              \u001b[33mmaxlength\u001b[39m=\u001b[32m\"200\"\u001b[39m\n              \u001b[33mplaceholder\u001b[39m=\u001b[32m\"자신을 소개해주세요...\"\u001b[39m\n              \u001b[33mrows\u001b[39m=\u001b[32m\"4\"\u001b[39m\n            \u001b[36m>\u001b[39m\n              \u001b[0mTest bio\u001b[0m\n            \u001b[36m</textarea>\u001b[39m\n            \u001b[36m<p\u001b[39m\n              \u001b[33mclass\u001b[39m=\u001b[32m\"hint\"\u001b[39m\n            \u001b[36m>\u001b[39m\n              \u001b[0m8\u001b[0m\n              \u001b[0m/200자\u001b[0m\n            \u001b[36m</p>\u001b[39m\n          \u001b[36m</div>\u001b[39m\n          \u001b[36m<div\u001b[39m\n            \u001b[33mclass\u001b[39m=\u001b[32m\"field\"\u001b[39m\n          \u001b[36m>\u001b[39m\n            \u001b[36m<label\u001b[39m\n              \u001b[33mclass\u001b[39m=\u001b[32m\"label\"\u001b[39m\n            \u001b[36m>\u001b[39m\n              \u001b[0m전공/분야\u001b[0m\n            \u001b[36m</label>\u001b[39m\n            \u001b[36m<select\u001b[39m\n              \u001b[33mclass\u001b[39m=\u001b[32m\"select\"\u001b[39m\n            \u001b[36m>\u001b[39m\n              \u001b[36m<option\u001b[39m\n                \u001b[33mvalue\u001b[39m=\u001b[32m\"\"\u001b[39m\n              \u001b[36m>\u001b[39m\n                \u001b[0m선택하세요\u001b[0m\n              \u001b[36m</option>\u001b[39m\n              \u001b[36m<option\u001b[39m\n                \u001b[33mvalue\u001b[39m=\u001b[32m\"컴퓨터공학\"\u001b[39m\n              \u001b[36m>\u001b[39m\n                \u001b[0m컴퓨터공학\u001b[0m\n              \u001b[36m</option>\u001b[39m\n              \u001b[36m<option\u001b[39m\n                \u001b[33mvalue\u001b[39m=\u001b[32m\"소프트웨어공학\"\u001b[39m\n              \u001b[36m>\u001b[39m\n                \u001b[0m소프트웨어공학\u001b[0m\n              \u001b[36m</option>\u001b[39m\n              \u001b[36m<option\u001b[39m\n                \u001b[33mvalue\u001b[39m=\u001b[32m\"정보통신공학\"\u001b[39m\n              \u001b[36m>\u001b[39m\n                \u001b[0m정보통신공학\u001b[0m\n              \u001b[36m</option>\u001b[39m\n              \u001b[36m<option\u001b[39m\n                \u001b[33mvalue\u001b[39m=\u001b[32m\"전자공학\"\u001b[39m\n              \u001b[36m>\u001b[39m\n                \u001b[0m전자공학\u001b[0m\n              \u001b[36m</option>\u001b[39m\n              \u001b[36m<option\u001b[39m\n                \u001b[33mvalue\u001b[39m=\u001b[32m\"산업디자인\"\u001b[39m\n              \u001b[36m>\u001b[39m\n                \u001b[0m산업디자인\u001b[0m\n              \u001b[36m</option>\u001b[39m\n              \u001b[36m<option\u001b[39m\n                \u001b[33mvalue\u001b[39m=\u001b[32m\"경영학\"\u001b[39m\n              \u001b[36m>\u001b[39m\n                \u001b[0m경영학\u001b[0m\n              \u001b[36m</option>\u001b[39m\n              \u001b[36m<option\u001b[39m\n                \u001b[33mvalue\u001b[39m=\u001b[32m\"기타\"\u001b[39m\n              \u001b[36m>\u001b[39m\n                \u001b[0m기타\u001b[0m\n              \u001b[36m</option>\u001b[39m\n            \u001b[36m</select>\u001b[39m\n          \u001b[36m</div>\u001b[39m\n          \u001b[36m<div\u001b[39m\n            \u001b[33mclass\u001b[39m=\u001b[32m\"field\"\u001b[39m\n          \u001b[36m>\u001b[39m\n            \u001b[36m<label\u001b[39m\n              \u001b[33mclass\u001b[39m=\u001b[32m\"label\"\u001b[39m\n            \u001b[36m>\u001b[39m\n              \u001b[0m관심 분야 (최대 5개)\u001b[0m\n            \u001b[36m</label>\u001b[39m\n            \u001b[36m<div\u001b[39m\n              \u001b[33mclass\u001b[39m=\u001b[32m\"interests\"\u001b[39m\n            \u001b[36m>\u001b[39m\n              \u001b[36m<div\u001b[39m\n                \u001b[33mclass\u001b[39m=\u001b[32m\"interestTag\"\u001b[39m\n              \u001b[36m>\u001b[39m\n                \u001b[0m# \u001b[0m\n                \u001b[0mJavaScript\u001b[0m\n                \u001b[36m<button\u001b[39m\n                  \u001b[33mclass\u001b[39m=\u001b[32m\"interestRemove\"\u001b[39m\n                  \u001b[33mtype\u001b[39m=\u001b[32m\"button\"\u001b[39m\n                \u001b[36m>\u001b[39m\n                  \u001b[0m✕\u001b[0m\n                \u001b[36m</button>\u001b[39m\n              \u001b[36m</div>\u001b[39m\n              \u001b[36m<div\u001b[39m\n                \u001b[33mclass\u001b[39m=\u001b[32m\"interestTag\"\u001b[39m\n              \u001b[36m>\u001b[39m\n                \u001b[0m# \u001b[0m\n                \u001b[0mReact\u001b[0m\n                \u001b[36m<button\u001b[39m\n                  \u001b[33mclass\u001b[39m=\u001b[32m\"interestRemove\"\u001b[39m\n                  \u001b[33mtype\u001b[39m=\u001b[32m\"button\"\u001b[39m\n                \u001b[36m>\u001b[39m\n                  \u001b[0m✕\u001b[0m\n                \u001b[36m</button>\u001b[39m\n              \u001b[36m</div>\u001b[39m\n              \u001b[36m<button\u001b[39m\n                \u001b[33mclass\u001b[39m=\u001b[32m\"interestAdd\"\u001b[39m\n                \u001b[33mtype\u001b[39m=\u001b[32m\"button\"\u001b[39m\n              \u001b[36m>\u001b[39m\n                \u001b[0m+ 추가\u001b[0m\n              \u001b[36m</button>\u001b[39m\n            \u001b[36m</div>\u001b[39m\n          \u001b[36m</div>\u001b[39m\n          \u001b[36m<div\u001b[39m\n            \u001b[33mclass\u001b[39m=\u001b[32m\"actions\"\u001b[39m\n          \u001b[36m>\u001b[39m\n            \u001b[36m<button\u001b[39m\n              \u001b[33mclass\u001b[39m=\u001b[32m\"cancelButton\"\u001b[39m\n              \u001b[33mtype\u001b[39m=\u001b[32m\"button\"\u001b[39m\n            \u001b[36m>\u001b[39m\n              \u001b[0m취소\u001b[0m\n            \u001b[36m</button>\u001b[39m\n            \u001b[36m<button\u001b[39m\n              \u001b[33mclass\u001b[39m=\u001b[32m\"saveButton\"\u001b[39m\n              \u001b[33mtype\u001b[39m=\u001b[32m\"submit\"\u001b[39m\n            \u001b[36m>\u001b[39m\n              \u001b[0m저장\u001b[0m\n            \u001b[36m</button>\u001b[39m\n          \u001b[36m</div>\u001b[39m\n        \u001b[36m</form>\u001b[39m\n      \u001b[36m</div>\u001b[39m\n    \u001b[36m</div>\u001b[39m\n  \u001b[36m</body>\u001b[39m\n\u001b[36m</html>\u001b[39m\n    at toBe (C:\\Project\\CoUp\\coup\\src\\__tests__\\components\\user\\settings\\ProfileEdit.test.jsx:84:32)\n    at runWithExpensiveErrorDiagnosticsDisabled (C:\\Project\\CoUp\\coup\\node_modules\\@testing-library\\dom\\dist\\config.js:47:12)\n    at checkCallback (C:\\Project\\CoUp\\coup\\node_modules\\@testing-library\\dom\\dist\\wait-for.js:124:77)\n    at checkRealTimersCallback (C:\\Project\\CoUp\\coup\\node_modules\\@testing-library\\dom\\dist\\wait-for.js:118:16)\n    at Timeout.task [as _onTimeout] (C:\\Project\\CoUp\\coup\\node_modules\\jsdom\\lib\\jsdom\\browser\\Window.js:579:19)\n    at listOnTimeout (node:internal/timers:608:17)\n    at processTimers (node:internal/timers:543:7)"],"fullName":"ProfileEdit Component 렌더링 테스트 삭제 버튼이 아바타 있을 때만 표시","invocations":1,"location":null,"numPassingAsserts":1,"retryReasons":[],"startAt":1764590748420,"status":"failed","title":"삭제 버튼이 아바타 있을 때만 표시"},{"ancestorTitles":["ProfileEdit Component","입력/상호작용 테스트"],"duration":196,"failing":false,"failureDetails":[],"failureMessages":[],"fullName":"ProfileEdit Component 입력/상호작용 테스트 이름 입력 변경 가능","invocations":1,"location":null,"numPassingAsserts":1,"retryReasons":[],"startAt":1764590749438,"status":"passed","title":"이름 입력 변경 가능"},{"ancestorTitles":["ProfileEdit Component","입력/상호작용 테스트"],"duration":282,"failing":false,"failureDetails":[],"failureMessages":[],"fullName":"ProfileEdit Component 입력/상호작용 테스트 소개 입력 변경 가능","invocations":1,"location":null,"numPassingAsserts":1,"retryReasons":[],"startAt":1764590749635,"status":"passed","title":"소개 입력 변경 가능"},{"ancestorTitles":["ProfileEdit Component","입력/상호작용 테스트"],"duration":155,"failing":false,"failureDetails":[],"failureMessages":[],"fullName":"ProfileEdit Component 입력/상호작용 테스트 글자 수 카운터 업데이트됨","invocations":1,"location":null,"numPassingAsserts":1,"retryReasons":[],"startAt":1764590749917,"status":"passed","title":"글자 수 카운터 업데이트됨"},{"ancestorTitles":["ProfileEdit Component","입력/상호작용 테스트"],"duration":16,"failing":false,"failureDetails":[],"failureMessages":[],"fullName":"ProfileEdit Component 입력/상호작용 테스트 저장 버튼 클릭 시 제출","invocations":1,"location":null,"numPassingAsserts":1,"retryReasons":[],"startAt":1764590750072,"status":"passed","title":"저장 버튼 클릭 시 제출"},{"ancestorTitles":["ProfileEdit Component","입력/상호작용 테스트"],"duration":8,"failing":false,"failureDetails":[],"failureMessages":[],"fullName":"ProfileEdit Component 입력/상호작용 테스트 취소 버튼 클릭 시 뒤로 가기","invocations":1,"location":null,"numPassingAsserts":1,"retryReasons":[],"startAt":1764590750089,"status":"passed","title":"취소 버튼 클릭 시 뒤로 가기"},{"ancestorTitles":["ProfileEdit Component","프로필 저장 테스트"],"duration":21,"failing":false,"failureDetails":[],"failureMessages":[],"fullName":"ProfileEdit Component 프로필 저장 테스트 프로필 저장 성공","invocations":1,"location":null,"numPassingAsserts":2,"retryReasons":[],"startAt":1764590750097,"status":"passed","title":"프로필 저장 성공"},{"ancestorTitles":["ProfileEdit Component","프로필 저장 테스트"],"duration":32,"failing":false,"failureDetails":[],"failureMessages":[],"fullName":"ProfileEdit Component 프로필 저장 테스트 저장 중 로딩 상태 표시","invocations":1,"location":null,"numPassingAsserts":1,"retryReasons":[],"startAt":1764590750118,"status":"passed","title":"저장 중 로딩 상태 표시"},{"ancestorTitles":["ProfileEdit Component","프로필 저장 테스트"],"duration":32,"failing":false,"failureDetails":[],"failureMessages":[],"fullName":"ProfileEdit Component 프로필 저장 테스트 저장 성공 시 토스트 표시","invocations":1,"location":null,"numPassingAsserts":2,"retryReasons":[],"startAt":1764590750150,"status":"passed","title":"저장 성공 시 토스트 표시"},{"ancestorTitles":["ProfileEdit Component","에러 처리 테스트"],"duration":32,"failing":false,"failureDetails":[],"failureMessages":[],"fullName":"ProfileEdit Component 에러 처리 테스트 이름 형식 오류 (PROFILE-002)","invocations":1,"location":null,"numPassingAsserts":1,"retryReasons":[],"startAt":1764590750182,"status":"passed","title":"이름 형식 오류 (PROFILE-002)"},{"ancestorTitles":["ProfileEdit Component","에러 처리 테스트"],"duration":15,"failing":false,"failureDetails":[],"failureMessages":[],"fullName":"ProfileEdit Component 에러 처리 테스트 이름 너무 짧음 (PROFILE-003)","invocations":1,"location":null,"numPassingAsserts":1,"retryReasons":[],"startAt":1764590750214,"status":"passed","title":"이름 너무 짧음 (PROFILE-003)"},{"ancestorTitles":["ProfileEdit Component","에러 처리 테스트"],"duration":32,"failing":false,"failureDetails":[],"failureMessages":[],"fullName":"ProfileEdit Component 에러 처리 테스트 이름 너무 김 (PROFILE-004)","invocations":1,"location":null,"numPassingAsserts":1,"retryReasons":[],"startAt":1764590750230,"status":"passed","title":"이름 너무 김 (PROFILE-004)"},{"ancestorTitles":["ProfileEdit Component","에러 처리 테스트"],"duration":16,"failing":false,"failureDetails":[],"failureMessages":[],"fullName":"ProfileEdit Component 에러 처리 테스트 소개 너무 김 (PROFILE-005)","invocations":1,"location":null,"numPassingAsserts":1,"retryReasons":[],"startAt":1764590750262,"status":"passed","title":"소개 너무 김 (PROFILE-005)"},{"ancestorTitles":["ProfileEdit Component","에러 처리 테스트"],"duration":32,"failing":false,"failureDetails":[],"failureMessages":[],"fullName":"ProfileEdit Component 에러 처리 테스트 보안 입력 감지 (PROFILE-012)","invocations":1,"location":null,"numPassingAsserts":1,"retryReasons":[],"startAt":1764590750278,"status":"passed","title":"보안 입력 감지 (PROFILE-012)"},{"ancestorTitles":["ProfileEdit Component","에러 처리 테스트"],"duration":31,"failing":false,"failureDetails":[],"failureMessages":[],"fullName":"ProfileEdit Component 에러 처리 테스트 네트워크 오류 처리","invocations":1,"location":null,"numPassingAsserts":1,"retryReasons":[],"startAt":1764590750310,"status":"passed","title":"네트워크 오류 처리"},{"ancestorTitles":["ProfileEdit Component","아바타 테스트"],"duration":79,"failing":false,"failureDetails":[],"failureMessages":[],"fullName":"ProfileEdit Component 아바타 테스트 아바타 업로드 성공","invocations":1,"location":null,"numPassingAsserts":2,"retryReasons":[],"startAt":1764590750341,"status":"passed","title":"아바타 업로드 성공"},{"ancestorTitles":["ProfileEdit Component","아바타 테스트"],"duration":187,"failing":false,"failureDetails":[],"failureMessages":[],"fullName":"ProfileEdit Component 아바타 테스트 파일 크기 초과 오류","invocations":1,"location":null,"numPassingAsserts":2,"retryReasons":[],"startAt":1764590750420,"status":"passed","title":"파일 크기 초과 오류"},{"ancestorTitles":["ProfileEdit Component","아바타 테스트"],"duration":6,"failing":false,"failureDetails":[],"failureMessages":[],"fullName":"ProfileEdit Component 아바타 테스트 파일 형식 오류","invocations":1,"location":null,"numPassingAsserts":1,"retryReasons":[],"startAt":1764590750607,"status":"passed","title":"파일 형식 오류"},{"ancestorTitles":["ProfileEdit Component","아바타 테스트"],"duration":40,"failing":false,"failureDetails":[],"failureMessages":[],"fullName":"ProfileEdit Component 아바타 테스트 아바타 삭제 성공","invocations":1,"location":null,"numPassingAsserts":2,"retryReasons":[],"startAt":1764590750613,"status":"passed","title":"아바타 삭제 성공"}],"endTime":1764590750666,"message":"\u001b[1m\u001b[31m  \u001b[1m● \u001b[22m\u001b[1mProfileEdit Component › 렌더링 테스트 › 삭제 버튼이 아바타 있을 때만 표시\u001b[39m\u001b[22m\n\n    \u001b[2mexpect(\u001b[22m\u001b[31mreceived\u001b[39m\u001b[2m).\u001b[22mtoBe\u001b[2m(\u001b[22m\u001b[32mexpected\u001b[39m\u001b[2m) // Object.is equality\u001b[22m\n\n    Expected: \u001b[32mtrue\u001b[39m\n    Received: \u001b[31mfalse\u001b[39m\n\n    Ignored nodes: comments, script, style\n    \u001b[36m<html>\u001b[39m\n      \u001b[36m<head />\u001b[39m\n      \u001b[36m<body>\u001b[39m\n        \u001b[36m<div>\u001b[39m\n          \u001b[36m<div\u001b[39m\n            \u001b[33mclass\u001b[39m=\u001b[32m\"container\"\u001b[39m\n          \u001b[36m>\u001b[39m\n            \u001b[36m<h2\u001b[39m\n              \u001b[33mclass\u001b[39m=\u001b[32m\"title\"\u001b[39m\n            \u001b[36m>\u001b[39m\n              \u001b[0m👤 프로필 편집\u001b[0m\n            \u001b[36m</h2>\u001b[39m\n            \u001b[36m<form\u001b[39m\n              \u001b[33mclass\u001b[39m=\u001b[32m\"form\"\u001b[39m\n            \u001b[36m>\u001b[39m\n              \u001b[36m<div\u001b[39m\n                \u001b[33mclass\u001b[39m=\u001b[32m\"avatarSection\"\u001b[39m\n              \u001b[36m>\u001b[39m\n                \u001b[36m<div\u001b[39m\n                  \u001b[33mclass\u001b[39m=\u001b[32m\"avatarWrapper\"\u001b[39m\n                \u001b[36m>\u001b[39m\n                  \u001b[36m<div\u001b[39m\n                    \u001b[33mclass\u001b[39m=\u001b[32m\"avatarPlaceholder\"\u001b[39m\n                  \u001b[36m>\u001b[39m\n                    \u001b[0mT\u001b[0m\n                  \u001b[36m</div>\u001b[39m\n                \u001b[36m</div>\u001b[39m\n                \u001b[36m<input\u001b[39m\n                  \u001b[33maccept\u001b[39m=\u001b[32m\"image/jpeg,image/png,image/gif,image/webp\"\u001b[39m\n                  \u001b[33mstyle\u001b[39m=\u001b[32m\"display: none;\"\u001b[39m\n                  \u001b[33mtype\u001b[39m=\u001b[32m\"file\"\u001b[39m\n                \u001b[36m/>\u001b[39m\n                \u001b[36m<div\u001b[39m\n                  \u001b[33mclass\u001b[39m=\u001b[32m\"avatarButtons\"\u001b[39m\n                \u001b[36m>\u001b[39m\n                  \u001b[36m<button\u001b[39m\n                    \u001b[33mclass\u001b[39m=\u001b[32m\"avatarButton\"\u001b[39m\n                    \u001b[33mtype\u001b[39m=\u001b[32m\"button\"\u001b[39m\n                  \u001b[36m>\u001b[39m\n                    \u001b[0m📷 사진 변경\u001b[0m\n                  \u001b[36m</button>\u001b[39m\n                \u001b[36m</div>\u001b[39m\n              \u001b[36m</div>\u001b[39m\n              \u001b[36m<div\u001b[39m\n                \u001b[33mclass\u001b[39m=\u001b[32m\"field\"\u001b[39m\n              \u001b[36m>\u001b[39m\n                \u001b[36m<label\u001b[39m\n                  \u001b[33mclass\u001b[39m=\u001b[32m\"label\"\u001b[39m\n                \u001b[36m>\u001b[39m\n                  \u001b[0m이름 \u001b[0m\n                  \u001b[36m<span\u001b[39m\n                    \u001b[33mclass\u001b[39m=\u001b[32m\"required\"\u001b[39m\n                  \u001b[36m>\u001b[39m\n                    \u001b[0m*\u001b[0m\n                  \u001b[36m</span>\u001b[39m\n                \u001b[36m</label>\u001b[39m\n                \u001b[36m<input\u001b[39m\n                  \u001b[33mclass\u001b[39m=\u001b[32m\"input \"\u001b[39m\n                  \u001b[33mmaxlength\u001b[39m=\u001b[32m\"50\"\u001b[39m\n                  \u001b[33mminlength\u001b[39m=\u001b[32m\"2\"\u001b[39m\n                  \u001b[33mrequired\u001b[39m=\u001b[32m\"\"\u001b[39m\n                  \u001b[33mtype\u001b[39m=\u001b[32m\"text\"\u001b[39m\n                  \u001b[33mvalue\u001b[39m=\u001b[32m\"Test User\"\u001b[39m\n                \u001b[36m/>\u001b[39m\n                \u001b[36m<p\u001b[39m\n                  \u001b[33mclass\u001b[39m=\u001b[32m\"hint\"\u001b[39m\n                \u001b[36m>\u001b[39m\n                  \u001b[0m2-50자, 한글/영문/숫자 사용 가능 (\u001b[0m\n                  \u001b[0m9\u001b[0m\n                  \u001b[0m/50)\u001b[0m\n                \u001b[36m</p>\u001b[39m\n              \u001b[36m</div>\u001b[39m\n              \u001b[36m<div\u001b[39m\n                \u001b[33mclass\u001b[39m=\u001b[32m\"field\"\u001b[39m\n              \u001b[36m>\u001b[39m\n                \u001b[36m<label\u001b[39m\n                  \u001b[33mclass\u001b[39m=\u001b[32m\"label\"\u001b[39m\n                \u001b[36m>\u001b[39m\n                  \u001b[0m이메일 (변경 불가)\u001b[0m\n                \u001b[36m</label>\u001b[39m\n                \u001b[36m<input\u001b[39m\n                  \u001b[33mclass\u001b[39m=\u001b[32m\"input inputReadonly\"\u001b[39m\n                  \u001b[33mdisabled\u001b[39m=\u001b[32m\"\"\u001b[39m\n                  \u001b[33mreadonly\u001b[39m=\u001b[32m\"\"\u001b[39m\n                  \u001b[33mtype\u001b[39m=\u001b[32m\"email\"\u001b[39m\n                  \u001b[33mvalue\u001b[39m=\u001b[32m\"test@test.com\"\u001b[39m\n                \u001b[36m/>\u001b[39m\n              \u001b[36m</div>\u001b[39m\n              \u001b[36m<div\u001b[39m\n                \u001b[33mclass\u001b[39m=\u001b[32m\"field\"\u001b[39m\n              \u001b[36m>\u001b[39m\n                \u001b[36m<label\u001b[39m\n                  \u001b[33mclass\u001b[39m=\u001b[32m\"label\"\u001b[39m\n                \u001b[36m>\u001b[39m\n                  \u001b[0m소개\u001b[0m\n                \u001b[36m</label>\u001b[39m\n                \u001b[36m<textarea\u001b[39m\n                  \u001b[33mclass\u001b[39m=\u001b[32m\"textarea \"\u001b[39m\n                  \u001b[33mmaxlength\u001b[39m=\u001b[32m\"200\"\u001b[39m\n                  \u001b[33mplaceholder\u001b[39m=\u001b[32m\"자신을 소개해주세요...\"\u001b[39m\n                  \u001b[33mrows\u001b[39m=\u001b[32m\"4\"\u001b[39m\n                \u001b[36m>\u001b[39m\n                  \u001b[0mTest bio\u001b[0m\n                \u001b[36m</textarea>\u001b[39m\n                \u001b[36m<p\u001b[39m\n                  \u001b[33mclass\u001b[39m=\u001b[32m\"hint\"\u001b[39m\n                \u001b[36m>\u001b[39m\n                  \u001b[0m8\u001b[0m\n                  \u001b[0m/200자\u001b[0m\n                \u001b[36m</p>\u001b[39m\n              \u001b[36m</div>\u001b[39m\n              \u001b[36m<div\u001b[39m\n                \u001b[33mclass\u001b[39m=\u001b[32m\"field\"\u001b[39m\n              \u001b[36m>\u001b[39m\n                \u001b[36m<label\u001b[39m\n                  \u001b[33mclass\u001b[39m=\u001b[32m\"label\"\u001b[39m\n                \u001b[36m>\u001b[39m\n                  \u001b[0m전공/분야\u001b[0m\n                \u001b[36m</label>\u001b[39m\n                \u001b[36m<select\u001b[39m\n                  \u001b[33mclass\u001b[39m=\u001b[32m\"select\"\u001b[39m\n                \u001b[36m>\u001b[39m\n                  \u001b[36m<option\u001b[39m\n                    \u001b[33mvalue\u001b[39m=\u001b[32m\"\"\u001b[39m\n                  \u001b[36m>\u001b[39m\n                    \u001b[0m선택하세요\u001b[0m\n                  \u001b[36m</option>\u001b[39m\n                  \u001b[36m<option\u001b[39m\n                    \u001b[33mvalue\u001b[39m=\u001b[32m\"컴퓨터공학\"\u001b[39m\n                  \u001b[36m>\u001b[39m\n                    \u001b[0m컴퓨터공학\u001b[0m\n                  \u001b[36m</option>\u001b[39m\n                  \u001b[36m<option\u001b[39m\n                    \u001b[33mvalue\u001b[39m=\u001b[32m\"소프트웨어공학\"\u001b[39m\n                  \u001b[36m>\u001b[39m\n                    \u001b[0m소프트웨어공학\u001b[0m\n                  \u001b[36m</option>\u001b[39m\n                  \u001b[36m<option\u001b[39m\n                    \u001b[33mvalue\u001b[39m=\u001b[32m\"정보통신공학\"\u001b[39m\n                  \u001b[36m>\u001b[39m\n                    \u001b[0m정보통신공학\u001b[0m\n                  \u001b[36m</option>\u001b[39m\n                  \u001b[36m<option\u001b[39m\n                    \u001b[33mvalue\u001b[39m=\u001b[32m\"전자공학\"\u001b[39m\n                  \u001b[36m>\u001b[39m\n                    \u001b[0m전자공학\u001b[0m\n                  \u001b[36m</option>\u001b[39m\n                  \u001b[36m<option\u001b[39m\n                    \u001b[33mvalue\u001b[39m=\u001b[32m\"산업디자인\"\u001b[39m\n                  \u001b[36m>\u001b[39m\n                    \u001b[0m산업디자인\u001b[0m\n                  \u001b[36m</option>\u001b[39m\n                  \u001b[36m<option\u001b[39m\n                    \u001b[33mvalue\u001b[39m=\u001b[32m\"경영학\"\u001b[39m\n                  \u001b[36m>\u001b[39m\n                    \u001b[0m경영학\u001b[0m\n                  \u001b[36m</option>\u001b[39m\n                  \u001b[36m<option\u001b[39m\n                    \u001b[33mvalue\u001b[39m=\u001b[32m\"기타\"\u001b[39m\n                  \u001b[36m>\u001b[39m\n                    \u001b[0m기타\u001b[0m\n                  \u001b[36m</option>\u001b[39m\n                \u001b[36m</select>\u001b[39m\n              \u001b[36m</div>\u001b[39m\n              \u001b[36m<div\u001b[39m\n                \u001b[33mclass\u001b[39m=\u001b[32m\"field\"\u001b[39m\n              \u001b[36m>\u001b[39m\n                \u001b[36m<label\u001b[39m\n                  \u001b[33mclass\u001b[39m=\u001b[32m\"label\"\u001b[39m\n                \u001b[36m>\u001b[39m\n                  \u001b[0m관심 분야 (최대 5개)\u001b[0m\n                \u001b[36m</label>\u001b[39m\n                \u001b[36m<div\u001b[39m\n                  \u001b[33mclass\u001b[39m=\u001b[32m\"interests\"\u001b[39m\n                \u001b[36m>\u001b[39m\n                  \u001b[36m<div\u001b[39m\n                    \u001b[33mclass\u001b[39m=\u001b[32m\"interestTag\"\u001b[39m\n                  \u001b[36m>\u001b[39m\n                    \u001b[0m# \u001b[0m\n                    \u001b[0mJavaScript\u001b[0m\n                    \u001b[36m<button\u001b[39m\n                      \u001b[33mclass\u001b[39m=\u001b[32m\"interestRemove\"\u001b[39m\n                      \u001b[33mtype\u001b[39m=\u001b[32m\"button\"\u001b[39m\n                    \u001b[36m>\u001b[39m\n                      \u001b[0m✕\u001b[0m\n                    \u001b[36m</button>\u001b[39m\n                  \u001b[36m</div>\u001b[39m\n                  \u001b[36m<div\u001b[39m\n                    \u001b[33mclass\u001b[39m=\u001b[32m\"interestTag\"\u001b[39m\n                  \u001b[36m>\u001b[39m\n                    \u001b[0m# \u001b[0m\n                    \u001b[0mReact\u001b[0m\n                    \u001b[36m<button\u001b[39m\n                      \u001b[33mclass\u001b[39m=\u001b[32m\"interestRemove\"\u001b[39m\n                      \u001b[33mtype\u001b[39m=\u001b[32m\"button\"\u001b[39m\n                    \u001b[36m>\u001b[39m\n                      \u001b[0m✕\u001b[0m\n                    \u001b[36m</button>\u001b[39m\n                  \u001b[36m</div>\u001b[39m\n                  \u001b[36m<button\u001b[39m\n                    \u001b[33mclass\u001b[39m=\u001b[32m\"interestAdd\"\u001b[39m\n                    \u001b[33mtype\u001b[39m=\u001b[32m\"button\"\u001b[39m\n                  \u001b[36m>\u001b[39m\n                    \u001b[0m+ 추가\u001b[0m\n                  \u001b[36m</button>\u001b[39m\n                \u001b[36m</div>\u001b[39m\n              \u001b[36m</div>\u001b[39m\n              \u001b[36m<div\u001b[39m\n                \u001b[33mclass\u001b[39m=\u001b[32m\"actions\"\u001b[39m\n              \u001b[36m>\u001b[39m\n                \u001b[36m<button\u001b[39m\n                  \u001b[33mclass\u001b[39m=\u001b[32m\"cancelButton\"\u001b[39m\n                  \u001b[33mtype\u001b[39m=\u001b[32m\"button\"\u001b[39m\n                \u001b[36m>\u001b[39m\n                  \u001b[0m취소\u001b[0m\n                \u001b[36m</button>\u001b[39m\n                \u001b[36m<button\u001b[39m\n                  \u001b[33mclass\u001b[39m=\u001b[32m\"saveButton\"\u001b[39m\n                  \u001b[33mtype\u001b[39m=\u001b[32m\"submit\"\u001b[39m\n                \u001b[36m>\u001b[39m\n                  \u001b[0m저장\u001b[0m\n                \u001b[36m</button>\u001b[39m\n              \u001b[36m</div>\u001b[39m\n            \u001b[36m</form>\u001b[39m\n          \u001b[36m</div>\u001b[39m\n        \u001b[36m</div>\u001b[39m\n      \u001b[36m</body>\u001b[39m\n    \u001b[36m</html>\u001b[39m\n\u001b[2m\u001b[22m\n\u001b[2m    \u001b[0m \u001b[90m 82 |\u001b[39m         \u001b[36mconst\u001b[39m imagesWith \u001b[33m=\u001b[39m screen\u001b[33m.\u001b[39mqueryAllByRole(\u001b[32m'img'\u001b[39m)\u001b[33m;\u001b[39m\u001b[22m\n\u001b[2m     \u001b[90m 83 |\u001b[39m         \u001b[36mconst\u001b[39m hasAvatarAfter \u001b[33m=\u001b[39m imagesWith\u001b[33m.\u001b[39msome(img \u001b[33m=>\u001b[39m img\u001b[33m.\u001b[39mgetAttribute(\u001b[32m'src'\u001b[39m)\u001b[33m?\u001b[39m\u001b[33m.\u001b[39mincludes(\u001b[32m'/uploads/'\u001b[39m))\u001b[33m;\u001b[39m\u001b[22m\n\u001b[2m    \u001b[31m\u001b[1m>\u001b[22m\u001b[2m\u001b[39m\u001b[90m 84 |\u001b[39m         expect(hasAvatarAfter)\u001b[33m.\u001b[39mtoBe(\u001b[36mtrue\u001b[39m)\u001b[33m;\u001b[39m\u001b[22m\n\u001b[2m     \u001b[90m    |\u001b[39m                                \u001b[31m\u001b[1m^\u001b[22m\u001b[2m\u001b[39m\u001b[22m\n\u001b[2m     \u001b[90m 85 |\u001b[39m       })\u001b[33m;\u001b[39m\u001b[22m\n\u001b[2m     \u001b[90m 86 |\u001b[39m     })\u001b[33m;\u001b[39m\u001b[22m\n\u001b[2m     \u001b[90m 87 |\u001b[39m   })\u001b[33m;\u001b[39m\u001b[0m\u001b[22m\n\u001b[2m\u001b[22m\n\u001b[2m      \u001b[2mat toBe (\u001b[22m\u001b[2m\u001b[0m\u001b[36msrc/__tests__/components/user/settings/ProfileEdit.test.jsx\u001b[39m\u001b[0m\u001b[2m:84:32)\u001b[22m\u001b[2m\u001b[22m\n\u001b[2m      \u001b[2mat runWithExpensiveErrorDiagnosticsDisabled (\u001b[22m\u001b[2mnode_modules/@testing-library/dom/dist/config.js\u001b[2m:47:12)\u001b[22m\u001b[2m\u001b[22m\n\u001b[2m      \u001b[2mat checkCallback (\u001b[22m\u001b[2mnode_modules/@testing-library/dom/dist/wait-for.js\u001b[2m:124:77)\u001b[22m\u001b[2m\u001b[22m\n\u001b[2m      \u001b[2mat checkRealTimersCallback (\u001b[22m\u001b[2mnode_modules/@testing-library/dom/dist/wait-for.js\u001b[2m:118:16)\u001b[22m\u001b[2m\u001b[22m\n\u001b[2m      \u001b[2mat Timeout.task [as _onTimeout] (\u001b[22m\u001b[2mnode_modules/jsdom/lib/jsdom/browser/Window.js\u001b[2m:579:19)\u001b[22m\u001b[2m\u001b[22m\n","name":"C:\\Project\\CoUp\\coup\\src\\__tests__\\components\\user\\settings\\ProfileEdit.test.jsx","startTime":1764590747866,"status":"failed","summary":""},{"assertionResults":[{"ancestorTitles":["PasswordChange Component","렌더링 및 기본 기능"],"duration":22,"failing":false,"failureDetails":[],"failureMessages":[],"fullName":"PasswordChange Component 렌더링 및 기본 기능 컴포넌트가 올바르게 렌더링됨","invocations":1,"location":null,"numPassingAsserts":4,"retryReasons":[],"startAt":1764590748350,"status":"passed","title":"컴포넌트가 올바르게 렌더링됨"},{"ancestorTitles":["PasswordChange Component","렌더링 및 기본 기능"],"duration":213,"failing":false,"failureDetails":[],"failureMessages":[],"fullName":"PasswordChange Component 렌더링 및 기본 기능 비밀번호 강도 표시기 작동","invocations":1,"location":null,"numPassingAsserts":1,"retryReasons":[],"startAt":1764590748372,"status":"passed","title":"비밀번호 강도 표시기 작동"},{"ancestorTitles":["PasswordChange Component","비밀번호 변경"],"duration":671,"failing":false,"failureDetails":[],"failureMessages":[],"fullName":"PasswordChange Component 비밀번호 변경 변경 성공","invocations":1,"location":null,"numPassingAsserts":2,"retryReasons":[],"startAt":1764590748585,"status":"passed","title":"변경 성공"},{"ancestorTitles":["PasswordChange Component","비밀번호 변경"],"duration":689,"failing":false,"failureDetails":[],"failureMessages":[],"fullName":"PasswordChange Component 비밀번호 변경 에러 처리 - 비밀번호 불일치","invocations":1,"location":null,"numPassingAsserts":1,"retryReasons":[],"startAt":1764590749257,"status":"passed","title":"에러 처리 - 비밀번호 불일치"},{"ancestorTitles":["PasswordChange Component","비밀번호 변경"],"duration":723,"failing":false,"failureDetails":[],"failureMessages":[],"fullName":"PasswordChange Component 비밀번호 변경 에러 처리 - 네트워크 오류","invocations":1,"location":null,"numPassingAsserts":1,"retryReasons":[],"startAt":1764590749946,"status":"passed","title":"에러 처리 - 네트워크 오류"}],"endTime":1764590750670,"message":"","name":"C:\\Project\\CoUp\\coup\\src\\__tests__\\components\\user\\settings\\PasswordChange.test.jsx","startTime":1764590747865,"status":"passed","summary":""},{"assertionResults":[{"ancestorTitles":["AccountDeletion Component","렌더링 테스트"],"duration":19,"failing":false,"failureDetails":[],"failureMessages":[],"fullName":"AccountDeletion Component 렌더링 테스트 컴포넌트가 올바르게 렌더링됨","invocations":1,"location":null,"numPassingAsserts":2,"retryReasons":[],"startAt":1764590748358,"status":"passed","title":"컴포넌트가 올바르게 렌더링됨"},{"ancestorTitles":["AccountDeletion Component","렌더링 테스트"],"duration":4,"failing":false,"failureDetails":[],"failureMessages":[],"fullName":"AccountDeletion Component 렌더링 테스트 경고 메시지 표시됨","invocations":1,"location":null,"numPassingAsserts":3,"retryReasons":[],"startAt":1764590748377,"status":"passed","title":"경고 메시지 표시됨"},{"ancestorTitles":["AccountDeletion Component","렌더링 테스트"],"duration":35,"failing":false,"failureDetails":[],"failureMessages":[],"fullName":"AccountDeletion Component 렌더링 테스트 삭제 버튼 표시됨","invocations":1,"location":null,"numPassingAsserts":1,"retryReasons":[],"startAt":1764590748381,"status":"passed","title":"삭제 버튼 표시됨"},{"ancestorTitles":["AccountDeletion Component","렌더링 테스트"],"duration":2,"failing":false,"failureDetails":[],"failureMessages":[],"fullName":"AccountDeletion Component 렌더링 테스트 다이얼로그 초기에 숨겨짐","invocations":1,"location":null,"numPassingAsserts":1,"retryReasons":[],"startAt":1764590748416,"status":"passed","title":"다이얼로그 초기에 숨겨짐"},{"ancestorTitles":["AccountDeletion Component","렌더링 테스트"],"duration":5,"failing":false,"failureDetails":[],"failureMessages":[],"fullName":"AccountDeletion Component 렌더링 테스트 주의사항 목록 표시됨","invocations":1,"location":null,"numPassingAsserts":2,"retryReasons":[],"startAt":1764590748418,"status":"passed","title":"주의사항 목록 표시됨"},{"ancestorTitles":["AccountDeletion Component","다이얼로그 테스트"],"duration":11,"failing":false,"failureDetails":[],"failureMessages":[],"fullName":"AccountDeletion Component 다이얼로그 테스트 삭제 버튼 클릭 시 다이얼로그 열림","invocations":1,"location":null,"numPassingAsserts":1,"retryReasons":[],"startAt":1764590748423,"status":"passed","title":"삭제 버튼 클릭 시 다이얼로그 열림"},{"ancestorTitles":["AccountDeletion Component","다이얼로그 테스트"],"duration":25,"failing":false,"failureDetails":[],"failureMessages":[],"fullName":"AccountDeletion Component 다이얼로그 테스트 취소 버튼 클릭 시 다이얼로그 닫힘","invocations":1,"location":null,"numPassingAsserts":2,"retryReasons":[],"startAt":1764590748434,"status":"passed","title":"취소 버튼 클릭 시 다이얼로그 닫힘"},{"ancestorTitles":["AccountDeletion Component","다이얼로그 테스트"],"duration":17,"failing":false,"failureDetails":[],"failureMessages":[],"fullName":"AccountDeletion Component 다이얼로그 테스트 오버레이 클릭 시 다이얼로그 닫힘","invocations":1,"location":null,"numPassingAsserts":1,"retryReasons":[],"startAt":1764590748459,"status":"passed","title":"오버레이 클릭 시 다이얼로그 닫힘"},{"ancestorTitles":["AccountDeletion Component","다이얼로그 테스트"],"duration":15,"failing":false,"failureDetails":[],"failureMessages":[],"fullName":"AccountDeletion Component 다이얼로그 테스트 다이얼로그 내부 클릭 시 닫히지 않음","invocations":1,"location":null,"numPassingAsserts":2,"retryReasons":[],"startAt":1764590748477,"status":"passed","title":"다이얼로그 내부 클릭 시 닫히지 않음"},{"ancestorTitles":["AccountDeletion Component","확인 입력 테스트"],"duration":290,"failing":false,"failureDetails":[],"failureMessages":[],"fullName":"AccountDeletion Component 확인 입력 테스트 이메일 입력 검증","invocations":1,"location":null,"numPassingAsserts":2,"retryReasons":[],"startAt":1764590748493,"status":"passed","title":"이메일 입력 검증"},{"ancestorTitles":["AccountDeletion Component","확인 입력 테스트"],"duration":83,"failing":false,"failureDetails":[],"failureMessages":[],"fullName":"AccountDeletion Component 확인 입력 테스트 \"DELETE\" 입력 검증","invocations":1,"location":null,"numPassingAsserts":2,"retryReasons":[],"startAt":1764590748783,"status":"passed","title":"\"DELETE\" 입력 검증"},{"ancestorTitles":["AccountDeletion Component","확인 입력 테스트"],"duration":172,"failing":false,"failureDetails":[],"failureMessages":[],"fullName":"AccountDeletion Component 확인 입력 테스트 잘못된 입력 시 에러","invocations":1,"location":null,"numPassingAsserts":2,"retryReasons":[],"startAt":1764590748866,"status":"passed","title":"잘못된 입력 시 에러"},{"ancestorTitles":["AccountDeletion Component","확인 입력 테스트"],"duration":18,"failing":false,"failureDetails":[],"failureMessages":[],"fullName":"AccountDeletion Component 확인 입력 테스트 확인 입력 없으면 버튼 비활성화","invocations":1,"location":null,"numPassingAsserts":2,"retryReasons":[],"startAt":1764590749038,"status":"passed","title":"확인 입력 없으면 버튼 비활성화"},{"ancestorTitles":["AccountDeletion Component","확인 입력 테스트"],"duration":143,"failing":false,"failureDetails":[],"failureMessages":[],"fullName":"AccountDeletion Component 확인 입력 테스트 올바른 입력 시 버튼 활성화","invocations":1,"location":null,"numPassingAsserts":2,"retryReasons":[],"startAt":1764590749056,"status":"passed","title":"올바른 입력 시 버튼 활성화"},{"ancestorTitles":["AccountDeletion Component","계정 삭제 테스트"],"duration":199,"failing":false,"failureDetails":[],"failureMessages":[],"fullName":"AccountDeletion Component 계정 삭제 테스트 계정 삭제 성공","invocations":1,"location":null,"numPassingAsserts":3,"retryReasons":[],"startAt":1764590749199,"status":"passed","title":"계정 삭제 성공"},{"ancestorTitles":["AccountDeletion Component","계정 삭제 테스트"],"duration":171,"failing":false,"failureDetails":[],"failureMessages":[],"fullName":"AccountDeletion Component 계정 삭제 테스트 삭제 중 로딩 상태","invocations":1,"location":null,"numPassingAsserts":2,"retryReasons":[],"startAt":1764590749398,"status":"passed","title":"삭제 중 로딩 상태"},{"ancestorTitles":["AccountDeletion Component","계정 삭제 테스트"],"duration":191,"failing":false,"failureDetails":[],"failureMessages":[],"fullName":"AccountDeletion Component 계정 삭제 테스트 성공 토스트 표시","invocations":1,"location":null,"numPassingAsserts":3,"retryReasons":[],"startAt":1764590749569,"status":"passed","title":"성공 토스트 표시"},{"ancestorTitles":["AccountDeletion Component","계정 삭제 테스트"],"duration":1067,"failing":false,"failureDetails":[],"failureMessages":[],"fullName":"AccountDeletion Component 계정 삭제 테스트 로그아웃 처리","invocations":1,"location":null,"numPassingAsserts":2,"retryReasons":[],"startAt":1764590749761,"status":"passed","title":"로그아웃 처리"},{"ancestorTitles":["AccountDeletion Component","계정 삭제 테스트"],"duration":172,"failing":false,"failureDetails":[],"failureMessages":[],"fullName":"AccountDeletion Component 계정 삭제 테스트 리다이렉트 확인","invocations":1,"location":null,"numPassingAsserts":2,"retryReasons":[],"startAt":1764590750829,"status":"passed","title":"리다이렉트 확인"},{"ancestorTitles":["AccountDeletion Component","에러 처리 테스트"],"duration":204,"failing":false,"failureDetails":[],"failureMessages":[],"fullName":"AccountDeletion Component 에러 처리 테스트 필수 항목 누락 (PROFILE-001)","invocations":1,"location":null,"numPassingAsserts":2,"retryReasons":[],"startAt":1764590751002,"status":"passed","title":"필수 항목 누락 (PROFILE-001)"},{"ancestorTitles":["AccountDeletion Component","에러 처리 테스트"],"duration":158,"failing":false,"failureDetails":[],"failureMessages":[],"fullName":"AccountDeletion Component 에러 처리 테스트 확인 불일치 (PROFILE-067)","invocations":1,"location":null,"numPassingAsserts":2,"retryReasons":[],"startAt":1764590751206,"status":"passed","title":"확인 불일치 (PROFILE-067)"},{"ancestorTitles":["AccountDeletion Component","에러 처리 테스트"],"duration":205,"failing":false,"failureDetails":[],"failureMessages":[],"fullName":"AccountDeletion Component 에러 처리 테스트 OWNER 스터디 존재 (PROFILE-064)","invocations":1,"location":null,"numPassingAsserts":2,"retryReasons":[],"startAt":1764590751364,"status":"passed","title":"OWNER 스터디 존재 (PROFILE-064)"},{"ancestorTitles":["AccountDeletion Component","에러 처리 테스트"],"duration":201,"failing":false,"failureDetails":[],"failureMessages":[],"fullName":"AccountDeletion Component 에러 처리 테스트 네트워크 오류 처리","invocations":1,"location":null,"numPassingAsserts":2,"retryReasons":[],"startAt":1764590751570,"status":"passed","title":"네트워크 오류 처리"},{"ancestorTitles":["AccountDeletion Component","에러 처리 테스트"],"duration":205,"failing":false,"failureDetails":[],"failureMessages":[],"fullName":"AccountDeletion Component 에러 처리 테스트 일반 삭제 실패 (PROFILE-069)","invocations":1,"location":null,"numPassingAsserts":2,"retryReasons":[],"startAt":1764590751772,"status":"passed","title":"일반 삭제 실패 (PROFILE-069)"}],"endTime":1764590751979,"message":"","name":"C:\\Project\\CoUp\\coup\\src\\__tests__\\components\\user\\settings\\AccountDeletion.test.jsx","startTime":1764590747884,"status":"passed","summary":""}],"wasInterrupted":false}
