node.exe : [baseline-browser-mapping] The data in this module is over two months old.  To ensure accurate Baseline data, please update: `npm i baseline-browser-mapping@latest -D`
위치 줄:1 문자:1
+ & "C:\Program Files\nodejs/node.exe" "C:\Users\user\AppData\Roaming\n ...
+ ~~~~~~~~~~~~~~~~~~~~~~~~~~~~~~~~~~~~~~~~~~~~~~~~~~~~~~~~~~~~~~~~~~~~~
    + CategoryInfo          : NotSpecified: ([baseline-brows...ping@latest -D`:String) [], RemoteException
    + FullyQualifiedErrorId : NativeCommandError
 
  console.error
    [2025-12-02T16:31:23.330Z] [ERROR] [STUDY] Unexpected error in study API {
      domain: 'study',
      environment: 'test',
      error: '_study.StudyMemberException.studyFull is not a function',
      stack: 'TypeError: _study.StudyMemberException.studyFull is not a function\n' +
        '    at studyFull (C:\\Project\\CoUp\\coup\\src\\app\\api\\studies\\[id]\\members\\route.js:130:32)\n' +
        '    at C:\\Project\\CoUp\\coup\\src\\lib\\utils\\study-utils.js:85:14\n' +
        '    at Object.<anonymous> (C:\\Project\\CoUp\\coup\\src\\__tests__\\api\\study\\study-members.test.js:336:22)',
      method: 'POST',
      url: 'http://localhost:3000/api/studies/study1/members',
      userAgent: undefined,
      ip: undefined
    }

    [0m [90m  97 |[39m   } [36melse[39m {
     [90m  98 |[39m     [90m// 媛쒕컻: 媛?낆꽦 ?덈뒗 ?뺤떇[39m
    [31m[1m>[22m[39m[90m  99 |[39m     console[consoleMethod](
     [90m     |[39m                           [31m[1m^[22m[39m
     [90m 100 |[39m       [32m`[${timestamp}] [${level}] [STUDY] ${message}`[39m[33m,[39m
     [90m 101 |[39m       [33mObject[39m[33m.[39mkeys(rest)[33m.[39mlength [33m>[39m [35m0[39m [33m?[39m rest [33m:[39m [32m''[39m
     [90m 102 |[39m     )[33m;[39m[0m

      at outputLog (src/lib/logging/studyLogger.js:99:27)
      at StudyLogger.outputLog [as log] (src/lib/logging/studyLogger.js:131:5)
      at StudyLogger.log [as error] (src/lib/logging/studyLogger.js:171:10)
      at error (src/lib/utils/study-utils.js:52:15)
      at handleStudyError (src/lib/utils/study-utils.js:87:14)
      at Object.<anonymous> (src/__tests__/api/study/study-members.test.js:336:22)

  console.error
    [2025-12-02T16:31:23.351Z] [ERROR] [STUDY] Unexpected error in study API {
      domain: 'study',
      environment: 'test',
      error: '_study.StudyMemberException.alreadyMember is not a function',
      stack: 'TypeError: _study.StudyMemberException.alreadyMember is not a function\n' +
        '    at alreadyMember (C:\\Project\\CoUp\\coup\\src\\app\\api\\studies\\[id]\\members\\route.js:156:32)\n' +
        '    at C:\\Project\\CoUp\\coup\\src\\lib\\utils\\study-utils.js:85:14\n' +
        '    at Object.<anonymous> (C:\\Project\\CoUp\\coup\\src\\__tests__\\api\\study\\study-members.test.js:386:22)',
      method: 'POST',
      url: 'http://localhost:3000/api/studies/study1/members',
      userAgent: undefined,
      ip: undefined
    }

    [0m [90m  97 |[39m   } [36melse[39m {
     [90m  98 |[39m     [90m// 媛쒕컻: 媛?낆꽦 ?덈뒗 ?뺤떇[39m
    [31m[1m>[22m[39m[90m  99 |[39m     console[consoleMethod](
     [90m     |[39m                           [31m[1m^[22m[39m
     [90m 100 |[39m       [32m`[${timestamp}] [${level}] [STUDY] ${message}`[39m[33m,[39m
     [90m 101 |[39m       [33mObject[39m[33m.[39mkeys(rest)[33m.[39mlength [33m>[39m [35m0[39m [33m?[39m rest [33m:[39m [32m''[39m
     [90m 102 |[39m     )[33m;[39m[0m

      at outputLog (src/lib/logging/studyLogger.js:99:27)
      at StudyLogger.outputLog [as log] (src/lib/logging/studyLogger.js:131:5)
      at StudyLogger.log [as error] (src/lib/logging/studyLogger.js:171:10)
      at error (src/lib/utils/study-utils.js:52:15)
      at handleStudyError (src/lib/utils/study-utils.js:87:14)
      at Object.<anonymous> (src/__tests__/api/study/study-members.test.js:386:22)

  console.error
    [2025-12-02T16:31:23.355Z] [ERROR] [STUDY] Unexpected error in study API {
      domain: 'study',
      environment: 'test',
      error: '_study.StudyPermissionException.cannotRemoveOwner is not a function',
      stack: 'TypeError: _study.StudyPermissionException.cannotRemoveOwner is not a function\n' +
        '    at cannotRemoveOwner (C:\\Project\\CoUp\\coup\\src\\app\\api\\studies\\[id]\\members\\route.js:250:36)\n' +
        '    at C:\\Project\\CoUp\\coup\\src\\lib\\utils\\study-utils.js:85:14\n' +
        '    at Object.<anonymous> (C:\\Project\\CoUp\\coup\\src\\__tests__\\api\\study\\study-members.test.js:466:22)',
      method: 'DELETE',
      url: 'http://localhost:3000/api/studies/study1/members?userId=user2',
      userAgent: undefined,
      ip: undefined
    }

    [0m [90m  97 |[39m   } [36melse[39m {
     [90m  98 |[39m     [90m// 媛쒕컻: 媛?낆꽦 ?덈뒗 ?뺤떇[39m
    [31m[1m>[22m[39m[90m  99 |[39m     console[consoleMethod](
     [90m     |[39m                           [31m[1m^[22m[39m
     [90m 100 |[39m       [32m`[${timestamp}] [${level}] [STUDY] ${message}`[39m[33m,[39m
     [90m 101 |[39m       [33mObject[39m[33m.[39mkeys(rest)[33m.[39mlength [33m>[39m [35m0[39m [33m?[39m rest [33m:[39m [32m''[39m
     [90m 102 |[39m     )[33m;[39m[0m

      at outputLog (src/lib/logging/studyLogger.js:99:27)
      at StudyLogger.outputLog [as log] (src/lib/logging/studyLogger.js:131:5)
      at StudyLogger.log [as error] (src/lib/logging/studyLogger.js:171:10)
      at error (src/lib/utils/study-utils.js:52:15)
      at handleStudyError (src/lib/utils/study-utils.js:87:14)
      at Object.<anonymous> (src/__tests__/api/study/study-members.test.js:466:22)

  console.error
    [2025-12-02T16:31:23.364Z] [ERROR] [STUDY] Member user999 not found in study study1 {
      domain: 'study',
      environment: 'test',
      action: 'exception',
      code: 'STUDY-036',
      userMessage: '?대떦 硫ㅻ쾭瑜?李얠쓣 ???놁뒿?덈떎',
      devMessage: 'Member user999 not found in study study1',
      severity: 'medium',
      category: 'member',
      retryable: false,
      statusCode: 404,
      errorContext: { userId: 'user999', studyId: 'study1' },
      stack: 'StudyMemberException: 硫ㅻ쾭瑜?李얠쓣 ???놁뒿?덈떎\n' +
        '    at new StudyMemberException (C:\\Project\\CoUp\\coup\\src\\lib\\exceptions\\study\\StudyException.js:114:5)\n' +
        '    at StudyMemberException.memberNotFound (C:\\Project\\CoUp\\coup\\src\\lib\\exceptions\\study\\StudyException.js:897:10)\n' +
        '    at memberNotFound (C:\\Project\\CoUp\\coup\\src\\app\\api\\studies\\[id]\\members\\route.js:245:32)\n' +
        '    at C:\\Project\\CoUp\\coup\\src\\lib\\utils\\study-utils.js:85:14\n' +
        '    at Object.<anonymous> (C:\\Project\\CoUp\\coup\\src\\__tests__\\api\\study\\study-members.test.js:522:22)',
      method: 'DELETE',
      url: 'http://localhost:3000/api/studies/study1/members?userId=user999',
      userAgent: undefined,
      ip: undefined
    }

    [0m [90m  97 |[39m   } [36melse[39m {
     [90m  98 |[39m     [90m// 媛쒕컻: 媛?낆꽦 ?덈뒗 ?뺤떇[39m
    [31m[1m>[22m[39m[90m  99 |[39m     console[consoleMethod](
     [90m     |[39m                           [31m[1m^[22m[39m
     [90m 100 |[39m       [32m`[${timestamp}] [${level}] [STUDY] ${message}`[39m[33m,[39m
     [90m 101 |[39m       [33mObject[39m[33m.[39mkeys(rest)[33m.[39mlength [33m>[39m [35m0[39m [33m?[39m rest [33m:[39m [32m''[39m
     [90m 102 |[39m     )[33m;[39m[0m

      at outputLog (src/lib/logging/studyLogger.js:99:27)
      at StudyLogger.outputLog [as log] (src/lib/logging/studyLogger.js:131:5)
      at StudyLogger.log [as logError] (src/lib/logging/studyLogger.js:206:12)
      at logError (src/lib/utils/study-utils.js:40:17)
      at handleStudyError (src/lib/utils/study-utils.js:87:14)
      at Object.<anonymous> (src/__tests__/api/study/study-members.test.js:522:22)

  console.error
    [2025-12-02T16:31:23.368Z] [ERROR] [STUDY] Unexpected error in study API {
      domain: 'study',
      environment: 'test',
      error: '_studyLogger.StudyLogger.logMemberRoleChanged is not a function',
      stack: 'TypeError: _studyLogger.StudyLogger.logMemberRoleChanged is not a function\n' +
        '    at logMemberRoleChanged (C:\\Project\\CoUp\\coup\\src\\app\\api\\studies\\[id]\\members\\[userId]\\role\\route.js:115:15)\n' +
        '    at C:\\Project\\CoUp\\coup\\src\\lib\\utils\\study-utils.js:85:14\n' +
        '    at Object.<anonymous> (C:\\Project\\CoUp\\coup\\src\\__tests__\\api\\study\\study-members.test.js:572:22)',
      method: 'PATCH',
      url: 'http://localhost:3000/api/studies/study1/members/user2/role',
      userAgent: undefined,
      ip: undefined
    }

    [0m [90m  97 |[39m   } [36melse[39m {
     [90m  98 |[39m     [90m// 媛쒕컻: 媛?낆꽦 ?덈뒗 ?뺤떇[39m
    [31m[1m>[22m[39m[90m  99 |[39m     console[consoleMethod](
     [90m     |[39m                           [31m[1m^[22m[39m
     [90m 100 |[39m       [32m`[${timestamp}] [${level}] [STUDY] ${message}`[39m[33m,[39m
     [90m 101 |[39m       [33mObject[39m[33m.[39mkeys(rest)[33m.[39mlength [33m>[39m [35m0[39m [33m?[39m rest [33m:[39m [32m''[39m
     [90m 102 |[39m     )[33m;[39m[0m

      at outputLog (src/lib/logging/studyLogger.js:99:27)
      at StudyLogger.outputLog [as log] (src/lib/logging/studyLogger.js:131:5)
      at StudyLogger.log [as error] (src/lib/logging/studyLogger.js:171:10)
      at error (src/lib/utils/study-utils.js:52:15)
      at handleStudyError (src/lib/utils/study-utils.js:87:14)
      at Object.<anonymous> (src/__tests__/api/study/study-members.test.js:572:22)

  console.error
    [2025-12-02T16:31:23.370Z] [ERROR] [STUDY] Unexpected error in study API {
      domain: 'study',
      environment: 'test',
      error: '_study.StudyPermissionException.ownerOnlyAction is not a function',
      stack: 'TypeError: _study.StudyPermissionException.ownerOnlyAction is not a function\n' +
        '    at ownerOnlyAction (C:\\Project\\CoUp\\coup\\src\\app\\api\\studies\\[id]\\members\\[userId]\\role\\route.js:25:36)\n' +
        '    at C:\\Project\\CoUp\\coup\\src\\lib\\utils\\study-utils.js:85:14\n' +
        '    at Object.<anonymous> (C:\\Project\\CoUp\\coup\\src\\__tests__\\api\\study\\study-members.test.js:603:22)',
      method: 'PATCH',
      url: 'http://localhost:3000/api/studies/study1/members/user3/role',
      userAgent: undefined,
      ip: undefined
    }

    [0m [90m  97 |[39m   } [36melse[39m {
     [90m  98 |[39m     [90m// 媛쒕컻: 媛?낆꽦 ?덈뒗 ?뺤떇[39m
    [31m[1m>[22m[39m[90m  99 |[39m     console[consoleMethod](
     [90m     |[39m                           [31m[1m^[22m[39m
     [90m 100 |[39m       [32m`[${timestamp}] [${level}] [STUDY] ${message}`[39m[33m,[39m
     [90m 101 |[39m       [33mObject[39m[33m.[39mkeys(rest)[33m.[39mlength [33m>[39m [35m0[39m [33m?[39m rest [33m:[39m [32m''[39m
     [90m 102 |[39m     )[33m;[39m[0m

      at outputLog (src/lib/logging/studyLogger.js:99:27)
      at StudyLogger.outputLog [as log] (src/lib/logging/studyLogger.js:131:5)
      at StudyLogger.log [as error] (src/lib/logging/studyLogger.js:171:10)
      at error (src/lib/utils/study-utils.js:52:15)
      at handleStudyError (src/lib/utils/study-utils.js:87:14)
      at Object.<anonymous> (src/__tests__/api/study/study-members.test.js:603:22)

  console.error
    [2025-12-02T16:31:23.373Z] [ERROR] [STUDY] Unexpected error in study API {
      domain: 'study',
      environment: 'test',
      error: '_study.StudyValidationException.invalidRole is not a function',
      stack: 'TypeError: _study.StudyValidationException.invalidRole is not a function\n' +
        '    at invalidRole (C:\\Project\\CoUp\\coup\\src\\app\\api\\studies\\[id]\\members\\[userId]\\role\\route.js:39:36)\n' +
        '    at C:\\Project\\CoUp\\coup\\src\\lib\\utils\\study-utils.js:85:14\n' +
        '    at Object.<anonymous> (C:\\Project\\CoUp\\coup\\src\\__tests__\\api\\study\\study-members.test.js:633:22)',
      method: 'PATCH',
      url: 'http://localhost:3000/api/studies/study1/members/user2/role',
      userAgent: undefined,
      ip: undefined
    }

    [0m [90m  97 |[39m   } [36melse[39m {
     [90m  98 |[39m     [90m// 媛쒕컻: 媛?낆꽦 ?덈뒗 ?뺤떇[39m
    [31m[1m>[22m[39m[90m  99 |[39m     console[consoleMethod](
     [90m     |[39m                           [31m[1m^[22m[39m
     [90m 100 |[39m       [32m`[${timestamp}] [${level}] [STUDY] ${message}`[39m[33m,[39m
     [90m 101 |[39m       [33mObject[39m[33m.[39mkeys(rest)[33m.[39mlength [33m>[39m [35m0[39m [33m?[39m rest [33m:[39m [32m''[39m
     [90m 102 |[39m     )[33m;[39m[0m

      at outputLog (src/lib/logging/studyLogger.js:99:27)
      at StudyLogger.outputLog [as log] (src/lib/logging/studyLogger.js:131:5)
      at StudyLogger.log [as error] (src/lib/logging/studyLogger.js:171:10)
      at error (src/lib/utils/study-utils.js:52:15)
      at handleStudyError (src/lib/utils/study-utils.js:87:14)
      at Object.<anonymous> (src/__tests__/api/study/study-members.test.js:633:22)

  console.error
    [2025-12-02T16:31:23.376Z] [ERROR] [STUDY] Unexpected error in study API {
      domain: 'study',
      environment: 'test',
      error: '_study.StudyPermissionException.cannotChangeOwnerRole is not a function',
      stack: 'TypeError: _study.StudyPermissionException.cannotChangeOwnerRole is not a function\n' +
        '    at cannotChangeOwnerRole (C:\\Project\\CoUp\\coup\\src\\app\\api\\studies\\[id]\\members\\[userId]\\role\\route.js:75:36)\n' +
        '    at C:\\Project\\CoUp\\coup\\src\\lib\\utils\\study-utils.js:85:14\n' +
        '    at Object.<anonymous> (C:\\Project\\CoUp\\coup\\src\\__tests__\\api\\study\\study-members.test.js:670:22)',
      method: 'PATCH',
      url: 'http://localhost:3000/api/studies/study1/members/user2/role',
      userAgent: undefined,
      ip: undefined
    }

    [0m [90m  97 |[39m   } [36melse[39m {
     [90m  98 |[39m     [90m// 媛쒕컻: 媛?낆꽦 ?덈뒗 ?뺤떇[39m
    [31m[1m>[22m[39m[90m  99 |[39m     console[consoleMethod](
     [90m     |[39m                           [31m[1m^[22m[39m
     [90m 100 |[39m       [32m`[${timestamp}] [${level}] [STUDY] ${message}`[39m[33m,[39m
     [90m 101 |[39m       [33mObject[39m[33m.[39mkeys(rest)[33m.[39mlength [33m>[39m [35m0[39m [33m?[39m rest [33m:[39m [32m''[39m
     [90m 102 |[39m     )[33m;[39m[0m

      at outputLog (src/lib/logging/studyLogger.js:99:27)
      at StudyLogger.outputLog [as log] (src/lib/logging/studyLogger.js:131:5)
      at StudyLogger.log [as error] (src/lib/logging/studyLogger.js:171:10)
      at error (src/lib/utils/study-utils.js:52:15)
      at handleStudyError (src/lib/utils/study-utils.js:87:14)
      at Object.<anonymous> (src/__tests__/api/study/study-members.test.js:670:22)

FAIL src/__tests__/api/study/study-members.test.js
  GET /api/studies/[id]/members - 硫ㅻ쾭 紐⑸줉 議고쉶
    ??should return member list successfully (2 ms)
    ??should filter by role (1 ms)
    ??should throw exception when not a member (1 ms)
  POST /api/studies/[id]/members - 硫ㅻ쾭 珥덈?
    ??should add member successfully
    ??should throw exception when not admin
    횞 should throw exception when study is full (30 ms)
    횞 should throw exception when user already member (3 ms)
  DELETE /api/studies/[id]/members - 硫ㅻ쾭 ?쒓굅
    ??should remove member successfully
    횞 should throw exception when trying to remove owner (3 ms)
    ??should throw exception when not admin
    ??should throw exception when member not found (10 ms)
  PATCH /api/studies/[id]/members/[userId]/role - ??븷 蹂寃?    횞 should change member role successfully (3 ms)
    횞 should throw exception when not owner (3 ms)
    횞 should throw exception when invalid role (2 ms)
    횞 should throw exception when trying to change owner role (3 ms)

  ??POST /api/studies/[id]/members - 硫ㅻ쾭 珥덈? ??should throw exception when study is full

    expect(received).toBe(expected) // Object.is equality

    Expected: 400
    Received: 500

    [0m [90m 337 |[39m     [36mconst[39m data [33m=[39m [36mawait[39m response[33m.[39mjson()[33m;[39m
     [90m 338 |[39m
    [31m[1m>[22m[39m[90m 339 |[39m     expect(response[33m.[39mstatus)[33m.[39mtoBe([35m400[39m)[33m;[39m
     [90m     |[39m                             [31m[1m^[22m[39m
     [90m 340 |[39m     expect(data[33m.[39msuccess)[33m.[39mtoBe([36mfalse[39m)[33m;[39m
     [90m 341 |[39m   })[33m;[39m
     [90m 342 |[39m[0m

      at Object.toBe (src/__tests__/api/study/study-members.test.js:339:29)

  ??POST /api/studies/[id]/members - 硫ㅻ쾭 珥덈? ??should throw exception when user already member

    expect(received).toBe(expected) // Object.is equality

    Expected: 400
    Received: 500

    [0m [90m 387 |[39m     [36mconst[39m data [33m=[39m [36mawait[39m response[33m.[39mjson()[33m;[39m
     [90m 388 |[39m
    [31m[1m>[22m[39m[90m 389 |[39m     expect(response[33m.[39mstatus)[33m.[39mtoBe([35m400[39m)[33m;[39m
     [90m     |[39m                             [31m[1m^[22m[39m
     [90m 390 |[39m     expect(data[33m.[39msuccess)[33m.[39mtoBe([36mfalse[39m)[33m;[39m
     [90m 391 |[39m   })[33m;[39m
     [90m 392 |[39m })[33m;[39m[0m

      at Object.toBe (src/__tests__/api/study/study-members.test.js:389:29)

  ??DELETE /api/studies/[id]/members - 硫ㅻ쾭 ?쒓굅 ??should throw exception when trying to remove owner

    expect(received).toBe(expected) // Object.is equality

    Expected: 400
    Received: 500

    [0m [90m 467 |[39m     [36mconst[39m data [33m=[39m [36mawait[39m response[33m.[39mjson()[33m;[39m
     [90m 468 |[39m
    [31m[1m>[22m[39m[90m 469 |[39m     expect(response[33m.[39mstatus)[33m.[39mtoBe([35m400[39m)[33m;[39m
     [90m     |[39m                             [31m[1m^[22m[39m
     [90m 470 |[39m     expect(data[33m.[39msuccess)[33m.[39mtoBe([36mfalse[39m)[33m;[39m
     [90m 471 |[39m   })[33m;[39m
     [90m 472 |[39m[0m

      at Object.toBe (src/__tests__/api/study/study-members.test.js:469:29)

  ??PATCH /api/studies/[id]/members/[userId]/role - ??븷 蹂寃???should change member role successfully

    expect(received).toBe(expected) // Object.is equality

    Expected: 200
    Received: 500

    [0m [90m 573 |[39m     [36mconst[39m data [33m=[39m [36mawait[39m response[33m.[39mjson()[33m;[39m
     [90m 574 |[39m
    [31m[1m>[22m[39m[90m 575 |[39m     expect(response[33m.[39mstatus)[33m.[39mtoBe([35m200[39m)[33m;[39m
     [90m     |[39m                             [31m[1m^[22m[39m
     [90m 576 |[39m     expect(data[33m.[39msuccess)[33m.[39mtoBe([36mtrue[39m)[33m;[39m
     [90m 577 |[39m     expect(data[33m.[39mdata[33m.[39mrole)[33m.[39mtoBe([32m'ADMIN'[39m)[33m;[39m
     [90m 578 |[39m   })[33m;[39m[0m

      at Object.toBe (src/__tests__/api/study/study-members.test.js:575:29)

  ??PATCH /api/studies/[id]/members/[userId]/role - ??븷 蹂寃???should throw exception when not owner

    expect(received).toBe(expected) // Object.is equality

    Expected: 403
    Received: 500

    [0m [90m 604 |[39m     [36mconst[39m data [33m=[39m [36mawait[39m response[33m.[39mjson()[33m;[39m
     [90m 605 |[39m
    [31m[1m>[22m[39m[90m 606 |[39m     expect(response[33m.[39mstatus)[33m.[39mtoBe([35m403[39m)[33m;[39m
     [90m     |[39m                             [31m[1m^[22m[39m
     [90m 607 |[39m     expect(data[33m.[39msuccess)[33m.[39mtoBe([36mfalse[39m)[33m;[39m
     [90m 608 |[39m   })[33m;[39m
     [90m 609 |[39m[0m

      at Object.toBe (src/__tests__/api/study/study-members.test.js:606:29)

  ??PATCH /api/studies/[id]/members/[userId]/role - ??븷 蹂寃???should throw exception when invalid role

    expect(received).toBe(expected) // Object.is equality

    Expected: 400
    Received: 500

    [0m [90m 634 |[39m     [36mconst[39m data [33m=[39m [36mawait[39m response[33m.[39mjson()[33m;[39m
     [90m 635 |[39m
    [31m[1m>[22m[39m[90m 636 |[39m     expect(response[33m.[39mstatus)[33m.[39mtoBe([35m400[39m)[33m;[39m
     [90m     |[39m                             [31m[1m^[22m[39m
     [90m 637 |[39m     expect(data[33m.[39msuccess)[33m.[39mtoBe([36mfalse[39m)[33m;[39m
     [90m 638 |[39m   })[33m;[39m
     [90m 639 |[39m[0m

      at Object.toBe (src/__tests__/api/study/study-members.test.js:636:29)

  ??PATCH /api/studies/[id]/members/[userId]/role - ??븷 蹂寃???should throw exception when trying to change owner role

    expect(received).toBe(expected) // Object.is equality

    Expected: 400
    Received: 500

    [0m [90m 671 |[39m     [36mconst[39m data [33m=[39m [36mawait[39m response[33m.[39mjson()[33m;[39m
     [90m 672 |[39m
    [31m[1m>[22m[39m[90m 673 |[39m     expect(response[33m.[39mstatus)[33m.[39mtoBe([35m400[39m)[33m;[39m
     [90m     |[39m                             [31m[1m^[22m[39m
     [90m 674 |[39m     expect(data[33m.[39msuccess)[33m.[39mtoBe([36mfalse[39m)[33m;[39m
     [90m 675 |[39m   })[33m;[39m
     [90m 676 |[39m })[33m;[39m[0m

      at Object.toBe (src/__tests__/api/study/study-members.test.js:673:29)

Test Suites: 1 failed, 1 total
Tests:       7 failed, 8 passed, 15 total
Snapshots:   0 total
Time:        0.367 s, estimated 1 s
Ran all test suites matching src/__tests__/api/study/study-members.test.js.
